Configuration on demand is an incubating feature.
Type-safe project accessors is an incubating feature.
> Task :buildSrc:checkKotlinGradlePluginConfigurationErrors SKIPPED
> Task :buildSrc:generateExternalPluginSpecBuilders UP-TO-DATE
> Task :buildSrc:extractPrecompiledScriptPluginPlugins UP-TO-DATE
> Task :buildSrc:compilePluginsBlocks UP-TO-DATE
> Task :buildSrc:generatePrecompiledScriptPluginAccessors UP-TO-DATE
> Task :buildSrc:generateScriptPluginAdapters UP-TO-DATE
> Task :buildSrc:compileKotlin UP-TO-DATE
> Task :buildSrc:compileJava NO-SOURCE
> Task :buildSrc:compileGroovy NO-SOURCE
> Task :buildSrc:pluginDescriptors UP-TO-DATE
> Task :buildSrc:processResources UP-TO-DATE
> Task :buildSrc:classes UP-TO-DATE
> Task :buildSrc:jar UP-TO-DATE
> Task :core-metadata:preBuild UP-TO-DATE
> Task :presentation-widget:preBuild UP-TO-DATE
> Task :source-api:preBuild UP-TO-DATE
> Task :app:checkKotlinGradlePluginConfigurationErrors SKIPPED
> Task :flagkit:preBuild UP-TO-DATE
> Task :domain:preBuild UP-TO-DATE
> Task :i18n:generateLocalesConfig UP-TO-DATE
> Task :presentation-core:preBuild UP-TO-DATE
> Task :data:preBuild UP-TO-DATE
> Task :source-local:preBuild UP-TO-DATE
> Task :core-metadata:preDebugBuild UP-TO-DATE
> Task :data:preDebugBuild UP-TO-DATE
> Task :flagkit:preDebugBuild UP-TO-DATE
> Task :app:preBuild UP-TO-DATE
> Task :presentation-widget:preDebugBuild UP-TO-DATE
> Task :presentation-core:preDebugBuild UP-TO-DATE
> Task :app:preDebugBuild UP-TO-DATE
> Task :domain:preDebugBuild UP-TO-DATE
> Task :core-metadata:generateDebugResValues UP-TO-DATE
> Task :source-api:preDebugBuild UP-TO-DATE
> Task :source-local:preDebugBuild UP-TO-DATE
> Task :presentation-widget:generateDebugResValues UP-TO-DATE
> Task :flagkit:generateDebugResValues UP-TO-DATE
> Task :data:generateDebugResValues UP-TO-DATE
> Task :i18n-kmk:generateMRcommonMain UP-TO-DATE
> Task :presentation-core:generateDebugResValues UP-TO-DATE
> Task :domain:generateDebugResValues UP-TO-DATE
> Task :core-metadata:generateDebugResources UP-TO-DATE
> Task :i18n:generateMRcommonMain UP-TO-DATE
> Task :source-api:generateDebugResValues UP-TO-DATE
> Task :i18n-sy:generateMRcommonMain UP-TO-DATE
> Task :i18n:generateMRandroidDebug SKIPPED
> Task :i18n-sy:generateMRandroidDebug SKIPPED
> Task :data:generateDebugResources UP-TO-DATE
> Task :source-local:generateDebugResValues UP-TO-DATE
> Task :domain:generateDebugResources UP-TO-DATE
> Task :presentation-core:generateDebugResources UP-TO-DATE
> Task :i18n-kmk:generateMRandroidDebug SKIPPED
> Task :source-api:generateDebugResources UP-TO-DATE
> Task :presentation-widget:generateDebugResources UP-TO-DATE
> Task :flagkit:generateDebugResources UP-TO-DATE
> Task :source-local:generateDebugResources UP-TO-DATE
> Task :i18n-sy:generateMRandroidInstrumentedTest UP-TO-DATE
> Task :i18n-kmk:generateMRandroidInstrumentedTest UP-TO-DATE
> Task :i18n:generateMRandroidInstrumentedTest UP-TO-DATE
> Task :i18n-sy:generateMRandroidInstrumentedTestDebug SKIPPED
> Task :i18n-kmk:generateMRandroidInstrumentedTestDebug SKIPPED
> Task :i18n:generateMRandroidInstrumentedTestDebug SKIPPED
> Task :data:packageDebugResources UP-TO-DATE
> Task :presentation-core:packageDebugResources UP-TO-DATE
> Task :core-metadata:packageDebugResources UP-TO-DATE
> Task :source-local:packageDebugResources UP-TO-DATE
> Task :domain:packageDebugResources UP-TO-DATE
> Task :i18n:generateMRandroidMain UP-TO-DATE
> Task :i18n:generateMRandroidRelease SKIPPED
> Task :core:archive:preBuild UP-TO-DATE
> Task :core:common:preBuild UP-TO-DATE
> Task :core:common:preDebugBuild UP-TO-DATE
> Task :core:archive:preDebugBuild UP-TO-DATE
> Task :telemetry:preBuild UP-TO-DATE
> Task :telemetry:preDebugBuild UP-TO-DATE
> Task :core:common:generateDebugResValues UP-TO-DATE
> Task :i18n-sy:generateMRandroidMain UP-TO-DATE
> Task :i18n-kmk:generateMRandroidMain UP-TO-DATE
> Task :core:archive:generateDebugResValues UP-TO-DATE
> Task :source-api:packageDebugResources UP-TO-DATE
> Task :i18n:generateMRcommonTest UP-TO-DATE
> Task :i18n-kmk:generateMRandroidRelease SKIPPED
> Task :i18n-sy:generateMRandroidRelease SKIPPED
> Task :presentation-widget:packageDebugResources UP-TO-DATE
> Task :telemetry:generateDebugResValues UP-TO-DATE
> Task :core:archive:generateDebugResources UP-TO-DATE
> Task :core:common:generateDebugResources UP-TO-DATE
> Task :telemetry:generateDebugResources UP-TO-DATE
> Task :flagkit:packageDebugResources UP-TO-DATE
> Task :i18n-kmk:generateMRcommonTest UP-TO-DATE
> Task :i18n:generateMRandroidUnitTest UP-TO-DATE
> Task :i18n:generateMRandroidUnitTestDebug SKIPPED
> Task :i18n-sy:generateMRcommonTest UP-TO-DATE
> Task :i18n:generateMRandroidUnitTestRelease SKIPPED
> Task :i18n:preBuild UP-TO-DATE
> Task :core:archive:packageDebugResources UP-TO-DATE
> Task :i18n:preDebugBuild UP-TO-DATE
> Task :core:common:packageDebugResources UP-TO-DATE
> Task :telemetry:packageDebugResources UP-TO-DATE
> Task :i18n-kmk:generateMRandroidUnitTest UP-TO-DATE
> Task :i18n-kmk:generateMRandroidUnitTestDebug SKIPPED
> Task :i18n-kmk:generateMRandroidUnitTestRelease SKIPPED
> Task :i18n-kmk:preBuild UP-TO-DATE
> Task :i18n:generateDebugResValues UP-TO-DATE
> Task :i18n-kmk:preDebugBuild UP-TO-DATE
> Task :i18n-sy:generateMRandroidUnitTest UP-TO-DATE
> Task :i18n-sy:generateMRandroidUnitTestDebug SKIPPED
> Task :i18n-kmk:generateDebugResValues UP-TO-DATE
> Task :i18n-sy:generateMRandroidUnitTestRelease SKIPPED
> Task :i18n-sy:preBuild UP-TO-DATE
> Task :i18n-sy:preDebugBuild UP-TO-DATE
> Task :i18n-sy:generateDebugResValues UP-TO-DATE
> Task :i18n-kmk:generateDebugResources UP-TO-DATE
> Task :i18n:generateDebugResources UP-TO-DATE
> Task :i18n-sy:generateDebugResources UP-TO-DATE
> Task :core-metadata:writeDebugAarMetadata UP-TO-DATE
> Task :presentation-core:writeDebugAarMetadata UP-TO-DATE
> Task :i18n-kmk:packageDebugResources UP-TO-DATE
> Task :data:writeDebugAarMetadata UP-TO-DATE
> Task :i18n-sy:packageDebugResources UP-TO-DATE
> Task :i18n:packageDebugResources UP-TO-DATE
> Task :domain:writeDebugAarMetadata UP-TO-DATE
> Task :core-metadata:processDebugNavigationResources UP-TO-DATE
> Task :data:processDebugNavigationResources UP-TO-DATE
> Task :domain:processDebugNavigationResources UP-TO-DATE
> Task :source-api:writeDebugAarMetadata UP-TO-DATE
> Task :presentation-core:processDebugNavigationResources UP-TO-DATE
> Task :source-api:processDebugNavigationResources UP-TO-DATE
> Task :source-local:writeDebugAarMetadata UP-TO-DATE
> Task :core-metadata:extractDeepLinksDebug UP-TO-DATE
> Task :data:extractDeepLinksDebug UP-TO-DATE
> Task :source-local:processDebugNavigationResources UP-TO-DATE
> Task :core-metadata:processDebugManifest UP-TO-DATE
> Task :domain:extractDeepLinksDebug UP-TO-DATE
> Task :data:processDebugManifest UP-TO-DATE
> Task :presentation-core:extractDeepLinksDebug UP-TO-DATE
> Task :source-api:extractDeepLinksDebug UP-TO-DATE
> Task :domain:processDebugManifest UP-TO-DATE
> Task :presentation-widget:writeDebugAarMetadata UP-TO-DATE
> Task :presentation-core:processDebugManifest UP-TO-DATE
> Task :source-api:processDebugManifest UP-TO-DATE
> Task :source-local:extractDeepLinksDebug UP-TO-DATE
> Task :presentation-widget:processDebugNavigationResources UP-TO-DATE
> Task :presentation-widget:extractDeepLinksDebug UP-TO-DATE
> Task :core-metadata:compileDebugLibraryResources UP-TO-DATE
> Task :source-local:processDebugManifest UP-TO-DATE
> Task :flagkit:writeDebugAarMetadata UP-TO-DATE
> Task :data:compileDebugLibraryResources UP-TO-DATE
> Task :presentation-widget:processDebugManifest UP-TO-DATE
> Task :flagkit:processDebugNavigationResources UP-TO-DATE
> Task :flagkit:extractDeepLinksDebug UP-TO-DATE
> Task :flagkit:processDebugManifest UP-TO-DATE
> Task :core:archive:writeDebugAarMetadata UP-TO-DATE
> Task :telemetry:writeDebugAarMetadata UP-TO-DATE
> Task :i18n-sy:writeDebugAarMetadata UP-TO-DATE
> Task :core:common:writeDebugAarMetadata UP-TO-DATE
> Task :flagkit:compileDebugLibraryResources UP-TO-DATE
> Task :telemetry:processDebugNavigationResources UP-TO-DATE
> Task :core:archive:processDebugNavigationResources UP-TO-DATE
> Task :core:common:processDebugNavigationResources UP-TO-DATE
> Task :telemetry:extractDeepLinksDebug UP-TO-DATE
> Task :i18n-sy:processDebugNavigationResources UP-TO-DATE
> Task :core:common:extractDeepLinksDebug UP-TO-DATE
> Task :core:archive:extractDeepLinksDebug UP-TO-DATE
> Task :i18n-sy:extractDeepLinksDebug UP-TO-DATE
> Task :telemetry:processDebugManifest UP-TO-DATE
> Task :core:common:processDebugManifest UP-TO-DATE
> Task :domain:parseDebugLocalResources UP-TO-DATE
> Task :data:parseDebugLocalResources UP-TO-DATE
> Task :presentation-core:compileDebugLibraryResources UP-TO-DATE
> Task :source-api:parseDebugLocalResources UP-TO-DATE
> Task :core-metadata:parseDebugLocalResources UP-TO-DATE
> Task :domain:compileDebugLibraryResources UP-TO-DATE
> Task :presentation-widget:compileDebugLibraryResources UP-TO-DATE
> Task :source-api:compileDebugLibraryResources UP-TO-DATE
> Task :source-local:compileDebugLibraryResources UP-TO-DATE
> Task :presentation-core:parseDebugLocalResources UP-TO-DATE
> Task :flagkit:parseDebugLocalResources UP-TO-DATE
> Task :i18n-sy:processDebugManifest UP-TO-DATE
> Task :core-metadata:checkKotlinGradlePluginConfigurationErrors SKIPPED
> Task :telemetry:compileDebugLibraryResources UP-TO-DATE
> Task :core:archive:processDebugManifest UP-TO-DATE
> Task :source-api:kmpPartiallyResolvedDependenciesChecker
> Task :source-api:checkKotlinGradlePluginConfigurationErrors SKIPPED
> Task :i18n-kmk:writeDebugAarMetadata UP-TO-DATE
> Task :i18n:writeDebugAarMetadata UP-TO-DATE
> Task :source-api:javaPreCompileDebug UP-TO-DATE
> Task :data:checkKotlinGradlePluginConfigurationErrors SKIPPED
> Task :domain:checkKotlinGradlePluginConfigurationErrors SKIPPED
> Task :core:common:parseDebugLocalResources UP-TO-DATE
> Task :core-metadata:javaPreCompileDebug UP-TO-DATE
> Task :flagkit:checkKotlinGradlePluginConfigurationErrors SKIPPED
> Task :domain:javaPreCompileDebug UP-TO-DATE
> Task :presentation-core:checkKotlinGradlePluginConfigurationErrors SKIPPED
> Task :core:archive:parseDebugLocalResources UP-TO-DATE
> Task :i18n-kmk:processDebugNavigationResources UP-TO-DATE
> Task :i18n-sy:parseDebugLocalResources UP-TO-DATE
> Task :i18n:processDebugNavigationResources UP-TO-DATE
> Task :telemetry:parseDebugLocalResources UP-TO-DATE
> Task :core:archive:compileDebugLibraryResources UP-TO-DATE
> Task :presentation-core:javaPreCompileDebug UP-TO-DATE
> Task :flagkit:javaPreCompileDebug UP-TO-DATE
> Task :core:archive:checkKotlinGradlePluginConfigurationErrors SKIPPED
> Task :core:common:compileDebugLibraryResources UP-TO-DATE
> Task :i18n:extractDeepLinksDebug UP-TO-DATE
> Task :core:common:checkKotlinGradlePluginConfigurationErrors SKIPPED
> Task :i18n-kmk:extractDeepLinksDebug UP-TO-DATE
> Task :core:archive:javaPreCompileDebug UP-TO-DATE
> Task :core:common:javaPreCompileDebug UP-TO-DATE
> Task :i18n-kmk:processDebugManifest UP-TO-DATE
> Task :presentation-widget:parseDebugLocalResources UP-TO-DATE
> Task :presentation-widget:checkKotlinGradlePluginConfigurationErrors SKIPPED
> Task :source-local:parseDebugLocalResources UP-TO-DATE
> Task :i18n-kmk:compileDebugLibraryResources UP-TO-DATE
> Task :i18n:processDebugManifest UP-TO-DATE
> Task :presentation-widget:javaPreCompileDebug UP-TO-DATE
> Task :source-local:kmpPartiallyResolvedDependenciesChecker
> Task :source-local:checkKotlinGradlePluginConfigurationErrors SKIPPED
> Task :source-local:javaPreCompileDebug UP-TO-DATE
> Task :i18n:parseDebugLocalResources UP-TO-DATE
> Task :i18n-kmk:parseDebugLocalResources UP-TO-DATE
> Task :telemetry:generateDebugRFile UP-TO-DATE
> Task :telemetry:checkKotlinGradlePluginConfigurationErrors SKIPPED
> Task :i18n:generateDebugRFile UP-TO-DATE
> Task :i18n-sy:generateDebugRFile UP-TO-DATE
> Task :i18n-kmk:generateDebugRFile UP-TO-DATE
> Task :i18n-kmk:kmpPartiallyResolvedDependenciesChecker
> Task :i18n-sy:compileDebugLibraryResources UP-TO-DATE
> Task :i18n:compileDebugLibraryResources UP-TO-DATE
> Task :i18n-kmk:checkKotlinGradlePluginConfigurationErrors SKIPPED
> Task :i18n:kmpPartiallyResolvedDependenciesChecker
> Task :i18n-sy:kmpPartiallyResolvedDependenciesChecker
> Task :i18n-sy:checkKotlinGradlePluginConfigurationErrors SKIPPED
> Task :i18n:checkKotlinGradlePluginConfigurationErrors SKIPPED
> Task :telemetry:compileDebugKotlin UP-TO-DATE
> Task :telemetry:javaPreCompileDebug UP-TO-DATE
> Task :telemetry:compileDebugJavaWithJavac NO-SOURCE
> Task :telemetry:bundleLibCompileToJarDebug UP-TO-DATE
> Task :data:generateDebugDatabaseInterface UP-TO-DATE
> Task :data:javaPreCompileDebug UP-TO-DATE
> Task :i18n-kmk:compileDebugKotlinAndroid UP-TO-DATE
> Task :i18n-sy:compileDebugKotlinAndroid UP-TO-DATE
> Task :i18n:compileDebugKotlinAndroid UP-TO-DATE
> Task :i18n-sy:javaPreCompileDebug UP-TO-DATE
> Task :i18n:javaPreCompileDebug UP-TO-DATE
> Task :i18n-kmk:javaPreCompileDebug UP-TO-DATE
> Task :i18n-sy:compileDebugJavaWithJavac NO-SOURCE
> Task :i18n-kmk:compileDebugJavaWithJavac NO-SOURCE
> Task :i18n:compileDebugJavaWithJavac NO-SOURCE
> Task :i18n-sy:bundleLibCompileToJarDebug UP-TO-DATE
> Task :i18n-kmk:bundleLibCompileToJarDebug UP-TO-DATE
> Task :i18n:bundleLibCompileToJarDebug UP-TO-DATE
> Task :core:common:generateDebugRFile UP-TO-DATE
> Task :core:archive:generateDebugRFile UP-TO-DATE
> Task :flagkit:generateDebugRFile UP-TO-DATE
> Task :core:common:compileDebugKotlin UP-TO-DATE
> Task :core:common:compileDebugJavaWithJavac NO-SOURCE
> Task :core:common:bundleLibCompileToJarDebug UP-TO-DATE
> Task :flagkit:compileDebugKotlin NO-SOURCE
> Task :flagkit:compileDebugJavaWithJavac NO-SOURCE
> Task :flagkit:bundleLibCompileToJarDebug UP-TO-DATE
> Task :source-api:generateDebugRFile UP-TO-DATE
> Task :core:archive:compileDebugKotlin UP-TO-DATE
> Task :core:archive:compileDebugJavaWithJavac NO-SOURCE
> Task :core:archive:bundleLibCompileToJarDebug UP-TO-DATE
> Task :core-metadata:generateDebugRFile UP-TO-DATE
> Task :source-api:compileDebugKotlinAndroid UP-TO-DATE
> Task :domain:generateDebugRFile UP-TO-DATE
> Task :source-api:compileDebugJavaWithJavac NO-SOURCE
> Task :source-api:bundleLibCompileToJarDebug UP-TO-DATE
> Task :source-local:generateDebugRFile UP-TO-DATE
> Task :data:generateDebugRFile UP-TO-DATE
> Task :core-metadata:compileDebugKotlin UP-TO-DATE
> Task :core-metadata:compileDebugJavaWithJavac NO-SOURCE
> Task :core-metadata:bundleLibCompileToJarDebug UP-TO-DATE
> Task :domain:compileDebugKotlin UP-TO-DATE
> Task :domain:compileDebugJavaWithJavac NO-SOURCE
> Task :domain:bundleLibCompileToJarDebug UP-TO-DATE
> Task :source-local:compileDebugKotlinAndroid UP-TO-DATE
> Task :data:compileDebugKotlin UP-TO-DATE
> Task :source-local:compileDebugJavaWithJavac NO-SOURCE
> Task :source-local:bundleLibCompileToJarDebug UP-TO-DATE
> Task :data:compileDebugJavaWithJavac NO-SOURCE
> Task :data:bundleLibCompileToJarDebug UP-TO-DATE
> Task :presentation-core:generateDebugRFile UP-TO-DATE
> Task :presentation-core:compileDebugKotlin UP-TO-DATE
> Task :presentation-core:compileDebugJavaWithJavac NO-SOURCE
> Task :presentation-core:bundleLibCompileToJarDebug UP-TO-DATE
> Task :presentation-widget:generateDebugRFile UP-TO-DATE
> Task :presentation-widget:compileDebugKotlin UP-TO-DATE
> Task :presentation-widget:compileDebugJavaWithJavac NO-SOURCE
> Task :presentation-widget:bundleLibCompileToJarDebug UP-TO-DATE
> Task :app:compileDebugAidl UP-TO-DATE
> Task :app:dataBindingMergeDependencyArtifactsDebug UP-TO-DATE
> Task :app:generateDebugResValues UP-TO-DATE
> Task :app:generateDebugResources UP-TO-DATE
> Task :app:prepareDebugShortcutXML UP-TO-DATE
> Task :app:prepareLibraryDefinitionsDebug UP-TO-DATE
> Task :app:mergeDebugResources UP-TO-DATE
> Task :app:dataBindingGenBaseClassesDebug UP-TO-DATE
> Task :app:generateDebugBuildConfig
> Task :app:checkDebugAarMetadata UP-TO-DATE
> Task :app:processDebugNavigationResources UP-TO-DATE
> Task :app:compileDebugNavigationResources UP-TO-DATE
> Task :app:mapDebugSourceSetPaths UP-TO-DATE
> Task :app:createDebugCompatibleScreenManifests UP-TO-DATE
> Task :app:extractDeepLinksDebug UP-TO-DATE
> Task :app:processDebugMainManifest UP-TO-DATE
> Task :app:processDebugManifest UP-TO-DATE
> Task :app:processDebugManifestForPackage UP-TO-DATE
> Task :app:processDebugResources UP-TO-DATE

> Task :app:compileDebugKotlin FAILED
e: file:///C:/Users/Usuario/komikku/komikku/app/src/main/java/eu/kanade/tachiyomi/data/track/doujin/DoujinTracker.kt:156:24 Argument type mismatch: actual type is 'String', but 'Long?' was expected.
e: file:///C:/Users/Usuario/komikku/komikku/app/src/main/java/eu/kanade/tachiyomi/data/track/doujin/DoujinTracker.kt:157:13 No parameter with name 'thumbnail' found.

[Incubating] Problems report is available at: file:///C:/Users/Usuario/komikku/komikku/build/reports/problems/problems-report.html

FAILURE: Build failed with an exception.

* What went wrong:
Execution failed for task ':app:compileDebugKotlin'.
> A failure occurred while executing org.jetbrains.kotlin.compilerRunner.GradleCompilerRunnerWithWorkers$GradleKotlinCompilerWorkAction
   > Compilation error. See log for more details

* Try:
> Run with --stacktrace option to get the stack trace.
> Run with --info or --debug option to get more log output.
> Run with --scan to get full insights from a Build Scan (powered by Develocity).
> Get more help at https://help.gradle.org.

Deprecated Gradle features were used in this build, making it incompatible with Gradle 10.

You can use '--warning-mode all' to show the individual deprecation warnings and determine if they come from your own scripts or plugins.

For more on this, please refer to https://docs.gradle.org/9.3.1/userguide/command_line_interface.html#sec:command_line_warnings in the Gradle documentation.

BUILD FAILED in 20s
231 actionable tasks: 7 executed, 224 up-to-date
